<?xml version="1.0" encoding="UTF-8"?>
<!-- Generated by org.testng.reporters.JUnitReportReporter -->
<testsuite skipped="0" hostname="DESKTOP-QHS8TJ6" name="com.github.ToDoMVCFramework.MVFramework" tests="5" failures="0" timestamp="2020-05-10T16:56:40 IST" time="52.332" errors="0">
  <testcase name="MainFrameworkPage" time="10.231" classname="com.github.ToDoMVCFramework.MVFramework"/>
  <system-out/>
  <testcase name="FooterLinks" time="7.610" classname="com.github.ToDoMVCFramework.MVFramework"/>
  <system-out/>
  <testcase name="validatingToDos" time="1.677" classname="com.github.ToDoMVCFramework.MVFramework"/>
  <system-out/>
  <testcase name="removeCompletedTodos" time="1.134" classname="com.github.ToDoMVCFramework.MVFramework"/>
  <system-out/>
  <testcase name="selectingToDosInFibonacciSequence" time="31.680" classname="com.github.ToDoMVCFramework.MVFramework"/>
  <system-out/>
</testsuite> <!-- com.github.ToDoMVCFramework.MVFramework -->
