<?xml version="1.0" encoding="UTF-8"?>
<!-- Generated by org.testng.reporters.JUnitReportReporter -->
<testsuite skipped="0" hostname="DESKTOP-QHS8TJ6" name="com.github.SeleniumToDoMVC.ToDoMVCTest" tests="1" failures="0" timestamp="2020-05-09T16:39:55 IST" time="28.571" errors="0">
  <testcase name="TestcaseOne" time="28.571" classname="com.github.SeleniumToDoMVC.ToDoMVCTest"/>
  <system-out/>
</testsuite> <!-- com.github.SeleniumToDoMVC.ToDoMVCTest -->
